{
  "RSpec": {
    "coverage": {
      "/Users/jatin.a/workspace/bookKeepingApp/scope1/app/api/v1/books.rb": {
        "lines": [
          1,
          1,
          1,
          1,
          1,
          null,
          1,
          3,
          3,
          3,
          null,
          3,
          1,
          null,
          null,
          3,
          1,
          1,
          3,
          null,
          3,
          null,
          null,
          null,
          null,
          null,
          null,
          null,
          2,
          null,
          null,
          null,
          3,
          3,
          1,
          null,
          null,
          3,
          3,
          3,
          3,
          3,
          3,
          null,
          3,
          2,
          2,
          null,
          1,
          null,
          null,
          null,
          null,
          null,
          null,
          null,
          3,
          3,
          3,
          3,
          3,
          3,
          null,
          3,
          2,
          2,
          null,
          1,
          1,
          1,
          null,
          null,
          3,
          3,
          2,
          2,
          null,
          1,
          1,
          null,
          null,
          null,
          1,
          3,
          17,
          null,
          null,
          3,
          6,
          null,
          null,
          null,
          null
        ]
      },
      "/Users/jatin.a/workspace/bookKeepingApp/scope1/app/api/v1/borrowed_books.rb": {
        "lines": [
          1,
          1,
          1,
          1,
          1,
          null,
          1,
          3,
          3,
          2,
          2,
          null,
          1,
          null,
          null,
          3,
          3,
          3,
          3,
          3,
          null,
          3,
          3,
          3,
          null,
          2,
          null,
          null,
          null,
          null,
          2,
          1,
          1,
          1,
          null,
          1,
          null,
          null,
          null,
          null,
          1,
          null,
          null,
          null,
          3,
          3,
          3,
          null,
          3,
          3,
          null,
          null,
          3,
          1,
          null,
          null,
          2,
          2,
          null,
          2,
          1,
          1,
          null,
          null,
          2,
          null,
          2,
          3,
          3,
          null,
          0,
          null,
          null,
          null,
          null,
          null,
          null,
          null,
          null,
          null,
          null,
          3,
          null,
          2,
          null,
          null,
          null,
          null,
          null,
          null,
          null,
          null,
          null,
          null,
          null,
          null,
          null,
          null,
          3,
          3,
          3,
          3,
          null,
          null,
          2,
          null,
          2,
          1,
          1,
          null,
          null,
          null,
          2,
          null,
          1,
          null,
          null,
          null,
          null,
          null,
          null,
          null,
          null,
          null,
          null,
          null,
          null,
          null,
          null,
          1,
          3,
          27,
          null,
          null,
          3,
          11,
          null,
          null,
          null,
          null
        ]
      },
      "/Users/jatin.a/workspace/bookKeepingApp/scope1/app/api/v1/issued_books.rb": {
        "lines": [
          1,
          1,
          1,
          1,
          1,
          null,
          1,
          3,
          3,
          3,
          3,
          null,
          2,
          null,
          2,
          1,
          1,
          null,
          null,
          2,
          null,
          1,
          null,
          null,
          null,
          null,
          null,
          null,
          null,
          null,
          null,
          null,
          null,
          null,
          null,
          null,
          3,
          3,
          3,
          3,
          3,
          null,
          3,
          1,
          null,
          1,
          null,
          null,
          null,
          null,
          null,
          1,
          1,
          null,
          0,
          null,
          null,
          null,
          3,
          3,
          2,
          2,
          null,
          1,
          1,
          1,
          null,
          null,
          3,
          3,
          4,
          4,
          null,
          3,
          3,
          null,
          3,
          1,
          1,
          null,
          2,
          2,
          null,
          2,
          null,
          null,
          null,
          null,
          2,
          1,
          1,
          null,
          1,
          null,
          null,
          null,
          null,
          null,
          null,
          2,
          2,
          null,
          null,
          null,
          null,
          1,
          3,
          19,
          null,
          null,
          3,
          10,
          null,
          null,
          null,
          null
        ]
      },
      "/Users/jatin.a/workspace/bookKeepingApp/scope1/app/api/v1/returned_books.rb": {
        "lines": [
          1,
          1,
          1,
          1,
          1,
          null,
          1,
          3,
          3,
          3,
          3,
          null,
          2,
          null,
          2,
          1,
          1,
          1,
          null,
          null,
          2,
          null,
          1,
          null,
          null,
          null,
          null,
          null,
          null,
          null,
          null,
          null,
          null,
          null,
          null,
          null,
          null,
          null,
          3,
          3,
          3,
          3,
          null,
          3,
          3,
          3,
          null,
          2,
          null,
          2,
          1,
          1,
          1,
          null,
          0,
          null,
          null,
          1,
          null,
          null,
          null,
          null,
          1,
          1,
          null,
          0,
          null,
          null,
          null,
          null,
          3,
          3,
          2,
          2,
          null,
          1,
          1,
          1,
          null,
          null,
          1,
          1,
          1,
          null,
          1,
          1,
          0,
          null,
          1,
          null,
          null,
          1,
          null,
          null,
          1,
          null,
          0,
          null,
          null,
          null,
          3,
          3,
          2,
          2,
          null,
          1,
          1,
          1,
          null,
          null,
          null,
          1,
          3,
          30,
          30,
          null,
          null,
          3,
          10,
          10,
          null,
          null,
          null,
          null
        ]
      },
      "/Users/jatin.a/workspace/bookKeepingApp/scope1/app/api/v1/users.rb": {
        "lines": [
          1,
          1,
          1,
          1,
          1,
          null,
          1,
          null,
          1,
          3,
          3,
          3,
          3,
          3,
          3,
          null,
          3,
          2,
          1,
          null,
          null,
          1,
          null,
          null,
          null,
          null,
          null,
          null,
          null,
          1,
          1,
          null,
          1,
          null,
          null,
          null,
          null,
          null,
          null,
          null,
          null,
          0,
          null,
          null,
          null,
          3,
          3,
          3,
          3,
          null,
          3,
          45,
          null,
          45,
          44,
          null,
          44,
          null,
          null,
          null,
          null,
          null,
          null,
          null,
          null,
          1,
          null,
          null,
          null,
          3,
          3,
          1,
          1,
          1,
          null,
          null,
          3,
          3,
          3,
          null,
          3,
          2,
          2,
          1,
          null,
          1,
          1,
          1,
          null,
          0,
          null,
          null,
          null,
          3,
          3,
          3,
          3,
          3,
          3,
          3,
          null,
          3,
          2,
          null,
          null,
          2,
          1,
          null,
          null,
          null,
          1,
          0,
          0,
          null,
          null,
          null,
          1,
          1,
          1,
          1,
          1,
          null,
          1,
          null,
          1,
          null,
          null,
          null,
          null,
          null,
          null,
          null,
          null,
          0,
          null,
          null,
          null,
          null,
          1,
          3,
          15,
          null,
          null,
          3,
          5,
          null,
          null,
          null,
          null
        ]
      },
      "/Users/jatin.a/workspace/bookKeepingApp/scope1/app/api/v1/base.rb": {
        "lines": [
          1,
          1,
          1,
          1,
          1,
          1,
          1,
          null,
          null
        ]
      },
      "/Users/jatin.a/workspace/bookKeepingApp/scope1/app/api/api.rb": {
        "lines": [
          1,
          1,
          1,
          1,
          null,
          1,
          0,
          null,
          null,
          1,
          null
        ]
      },
      "/Users/jatin.a/workspace/bookKeepingApp/scope1/app/helpers/application_helper.rb": {
        "lines": [
          1,
          1,
          14,
          null,
          2,
          null,
          3,
          null,
          2,
          null,
          2,
          null,
          5,
          null,
          null,
          null
        ]
      },
      "/Users/jatin.a/workspace/bookKeepingApp/scope1/app/helpers/books_helper.rb": {
        "lines": [
          1,
          null
        ]
      },
      "/Users/jatin.a/workspace/bookKeepingApp/scope1/app/helpers/borrowed_books_helper.rb": {
        "lines": [
          1,
          null
        ]
      },
      "/Users/jatin.a/workspace/bookKeepingApp/scope1/app/helpers/issued_books_helper.rb": {
        "lines": [
          1,
          null
        ]
      },
      "/Users/jatin.a/workspace/bookKeepingApp/scope1/app/helpers/returned_books_helper.rb": {
        "lines": [
          1,
          null
        ]
      },
      "/Users/jatin.a/workspace/bookKeepingApp/scope1/app/models/book.rb": {
        "lines": [
          1,
          1,
          1,
          1,
          1,
          1,
          null,
          1,
          12,
          null,
          10,
          null,
          null,
          null
        ]
      },
      "/Users/jatin.a/workspace/bookKeepingApp/scope1/app/models/application_record.rb": {
        "lines": [
          1,
          1,
          null
        ]
      },
      "/Users/jatin.a/workspace/bookKeepingApp/scope1/app/models/borrowed_book.rb": {
        "lines": [
          1,
          1,
          1,
          1,
          null,
          1,
          1,
          1,
          null,
          null
        ]
      },
      "/Users/jatin.a/workspace/bookKeepingApp/scope1/app/models/issued_book.rb": {
        "lines": [
          1,
          1,
          1,
          null,
          1,
          1,
          1,
          null
        ]
      },
      "/Users/jatin.a/workspace/bookKeepingApp/scope1/app/models/returned_book.rb": {
        "lines": [
          1,
          1,
          1,
          1,
          null,
          1,
          1,
          null
        ]
      },
      "/Users/jatin.a/workspace/bookKeepingApp/scope1/app/models/user.rb": {
        "lines": [
          1,
          null,
          null,
          1,
          null,
          1,
          1,
          1,
          1,
          null
        ]
      },
      "/Users/jatin.a/workspace/bookKeepingApp/scope1/app/controllers/issued_books_controller.rb": {
        "lines": [
          1,
          1,
          1,
          1,
          null,
          null,
          1,
          2,
          null,
          2,
          1,
          1,
          null,
          null,
          2,
          null,
          null,
          null,
          1,
          1,
          null,
          1,
          1,
          1,
          null,
          0,
          0,
          null,
          null,
          null,
          null,
          1,
          1,
          null,
          1,
          2,
          1,
          null,
          null,
          null,
          1,
          1,
          null,
          1,
          1,
          1,
          null,
          0,
          0,
          null,
          null,
          null,
          null,
          1,
          3,
          3,
          3,
          1,
          1,
          1,
          null,
          2,
          2,
          2,
          2,
          1,
          1,
          null,
          1,
          1,
          null,
          2,
          2,
          null,
          null,
          null,
          1,
          null,
          1,
          1,
          null,
          null,
          null,
          1,
          2,
          null,
          null,
          1,
          4,
          1,
          1,
          null,
          null,
          null
        ]
      },
      "/Users/jatin.a/workspace/bookKeepingApp/scope1/app/controllers/application_controller.rb": {
        "lines": [
          1,
          null,
          1,
          1,
          1,
          null,
          1,
          2,
          2,
          null,
          null,
          null
        ]
      },
      "/Users/jatin.a/workspace/bookKeepingApp/scope1/app/controllers/books_controller.rb": {
        "lines": [
          1,
          1,
          1,
          1,
          null,
          null,
          1,
          3,
          2,
          2,
          2,
          2,
          null,
          null,
          null,
          2,
          4,
          4,
          4,
          null,
          null,
          1,
          1,
          1,
          null,
          null,
          null,
          null,
          null,
          1,
          null,
          null,
          null,
          1,
          0,
          null,
          null,
          null,
          1,
          null,
          null,
          null,
          1,
          1,
          null,
          1,
          1,
          2,
          1,
          null,
          0,
          0,
          null,
          null,
          null,
          null,
          null,
          1,
          1,
          1,
          2,
          1,
          null,
          0,
          0,
          null,
          null,
          null,
          null,
          null,
          1,
          1,
          null,
          1,
          2,
          1,
          null,
          null,
          null,
          1,
          null,
          1,
          4,
          null,
          null,
          null,
          1,
          2,
          null,
          null,
          1,
          5,
          2,
          2,
          null,
          null,
          null
        ]
      },
      "/Users/jatin.a/workspace/bookKeepingApp/scope1/app/controllers/borrowed_books_controller.rb": {
        "lines": [
          1,
          1,
          1,
          1,
          null,
          1,
          1,
          null,
          null,
          null,
          1,
          0,
          null,
          null,
          null,
          1,
          3,
          null,
          3,
          1,
          1,
          1,
          null,
          2,
          2,
          2,
          null,
          null,
          3,
          null,
          null,
          null,
          1,
          2,
          null,
          2,
          4,
          2,
          null,
          null,
          null,
          1,
          2,
          null,
          2,
          1,
          1,
          null,
          null,
          2,
          null,
          null,
          1,
          3,
          3,
          3,
          1,
          1,
          null,
          3,
          2,
          2,
          null,
          null,
          null,
          1,
          null,
          1,
          3,
          null,
          null,
          null,
          1,
          9,
          null,
          null,
          1,
          16,
          5,
          5,
          null,
          null,
          null
        ]
      },
      "/Users/jatin.a/workspace/bookKeepingApp/scope1/app/controllers/returned_books_controller.rb": {
        "lines": [
          1,
          1,
          1,
          1,
          null,
          null,
          1,
          2,
          null,
          2,
          1,
          1,
          1,
          null,
          null,
          2,
          null,
          null,
          null,
          1,
          1,
          null,
          1,
          1,
          null,
          0,
          null,
          null,
          null,
          1,
          2,
          2,
          1,
          1,
          1,
          1,
          null,
          1,
          1,
          1,
          1,
          null,
          0,
          0,
          null,
          null,
          null,
          null,
          1,
          2,
          2,
          2,
          2,
          2,
          2,
          2,
          1,
          null,
          1,
          null,
          2,
          2,
          null,
          null,
          null,
          1,
          1,
          null,
          1,
          2,
          1,
          null,
          null,
          null,
          1,
          null,
          1,
          1,
          null,
          null,
          null,
          1,
          5,
          null,
          null,
          1,
          4,
          1,
          1,
          null,
          null,
          null
        ]
      },
      "/Users/jatin.a/workspace/bookKeepingApp/scope1/app/jobs/application_job.rb": {
        "lines": [
          0,
          null,
          null,
          null,
          null,
          null,
          0
        ],
        "branches": {}
      },
      "/Users/jatin.a/workspace/bookKeepingApp/scope1/app/mailers/application_mailer.rb": {
        "lines": [
          0,
          0,
          0,
          0
        ],
        "branches": {}
      }
    },
    "timestamp": 1742290891
  }
}
